<?xml version="1.0" encoding="UTF-8"?>
<!-- Generated by org.testng.reporters.JUnitReportReporter -->
<testsuite hostname="DESKTOP-V2ON54J" failures="0" tests="1" name="SeleniumPractice.imagesList" time="21.703" errors="0" timestamp="2024-05-01T14:32:26 PDT" skipped="0">
  <testcase classname="SeleniumPractice.imagesList" name="totalImages" time="21.703"/>
  <system-out>
    <![CDATA[==========Browser session Started==========
========Application Started======
==========Browser session end======]]>
  </system-out>
</testsuite> <!-- SeleniumPractice.imagesList -->
