<?xml version="1.0" encoding="UTF-8"?>
<!-- Generated by org.testng.reporters.JUnitReportReporter -->
<testsuite hostname="DESKTOP-V2ON54J" failures="0" tests="1" name="resreq.TC002_postRequest" time="3.017" errors="0" timestamp="2024-04-18T11:46:36 PDT" skipped="0">
  <testcase classname="resreq.TC002_postRequest" name="postRequest" time="3.017"/>
</testsuite> <!-- resreq.TC002_postRequest -->
