<?xml version="1.0" encoding="UTF-8"?>
<!-- Generated by org.testng.reporters.JUnitReportReporter -->
<testsuite hostname="DESKTOP-V2ON54J" failures="0" tests="1" name="resreq.TC001_getReq" time="3.760" errors="0" timestamp="2024-04-18T11:45:34 PDT" skipped="0">
  <testcase classname="resreq.TC001_getReq" name="sendReq" time="3.760"/>
</testsuite> <!-- resreq.TC001_getReq -->
