<?xml version="1.0" encoding="UTF-8"?>
<!-- Generated by org.testng.reporters.JUnitReportReporter -->
<testsuite hostname="DESKTOP-V2ON54J" failures="0" tests="5" name="ui.TC003_DataProvider_usingTestNG" time="0.017" errors="0" timestamp="2024-04-16T20:38:24 PDT" skipped="0">
  <testcase classname="ui.TC003_DataProvider_usingTestNG" name="test" time="0.002"/>
  <testcase classname="ui.TC003_DataProvider_usingTestNG" name="test" time="0.002"/>
  <testcase classname="ui.TC003_DataProvider_usingTestNG" name="test" time="0.002"/>
  <testcase classname="ui.TC003_DataProvider_usingTestNG" name="test" time="0.003"/>
  <testcase classname="ui.TC003_DataProvider_usingTestNG" name="test" time="0.008"/>
</testsuite> <!-- ui.TC003_DataProvider_usingTestNG -->
