<?xml version="1.0" encoding="UTF-8"?>
<!-- Generated by org.testng.reporters.JUnitReportReporter -->
<testsuite hostname="DESKTOP-V2ON54J" failures="0" tests="5" name="ui.DataProviderTest" time="0.023" errors="0" timestamp="2024-04-17T14:33:26 PDT" skipped="0">
  <testcase classname="ui.DataProviderTest" name="test" time="0.002"/>
  <testcase classname="ui.DataProviderTest" name="test" time="0.005"/>
  <testcase classname="ui.DataProviderTest" name="test" time="0.002"/>
  <testcase classname="ui.DataProviderTest" name="test" time="0.008"/>
  <testcase classname="ui.DataProviderTest" name="test" time="0.006"/>
</testsuite> <!-- ui.DataProviderTest -->
